# JRE version: Java(TM) SE Runtime Environment (13.0.1+9) (build 13.0.1+9)
# Java VM: Java HotSpot(TM) 64-Bit Server VM (13.0.1+9, mixed mode, sharing, tiered, compressed oops, g1 gc, windows-amd64)
Heap:
 garbage-first heap   total 385024K, used 68709K [0x0000000081c00000, 0x0000000100000000)
  region size 1024K, 2 young (2048K), 2 survivors (2048K)
 Metaspace       used 17086K, capacity 18628K, committed 18816K, reserved 1064960K
  class space    used 2223K, capacity 2618K, committed 2688K, reserved 1048576K
GC Heap History (20 events):
Event: 39.505 GC heap after
{Heap after GC invocations=369 (full 0):
 garbage-first heap   total 297984K, used 63335K [0x0000000081c00000, 0x0000000100000000)
  region size 1024K, 2 young (2048K), 2 survivors (2048K)
 Metaspace       used 17063K, capacity 18628K, committed 18816K, reserved 1064960K
  class space    used 2223K, capacity 2618K, committed 2688K, reserved 1048576K
}
Event: 39.671 GC heap before
{Heap before GC invocations=370 (full 0):
 garbage-first heap   total 297984K, used 79719K [0x0000000081c00000, 0x0000000100000000)
  region size 1024K, 4 young (4096K), 2 survivors (2048K)
 Metaspace       used 17063K, capacity 18628K, committed 18816K, reserved 1064960K
  class space    used 2223K, capacity 2618K, committed 2688K, reserved 1048576K
}
Event: 39.677 GC heap after
{Heap after GC invocations=371 (full 0):
 garbage-first heap   total 297984K, used 63661K [0x0000000081c00000, 0x0000000100000000)
  region size 1024K, 2 young (2048K), 2 survivors (2048K)
 Metaspace       used 17063K, capacity 18628K, committed 18816K, reserved 1064960K
  class space    used 2223K, capacity 2618K, committed 2688K, reserved 1048576K
}
Event: 39.840 GC heap before
{Heap before GC invocations=372 (full 0):
 garbage-first heap   total 297984K, used 79021K [0x0000000081c00000, 0x0000000100000000)
  region size 1024K, 4 young (4096K), 2 survivors (2048K)
 Metaspace       used 17063K, capacity 18628K, committed 18816K, reserved 1064960K
  class space    used 2223K, capacity 2618K, committed 2688K, reserved 1048576K
}
Event: 39.848 GC heap after
{Heap after GC invocations=373 (full 0):
 garbage-first heap   total 297984K, used 63908K [0x0000000081c00000, 0x0000000100000000)
  region size 1024K, 3 young (3072K), 3 survivors (3072K)
 Metaspace       used 17063K, capacity 18628K, committed 18816K, reserved 1064960K
  class space    used 2223K, capacity 2618K, committed 2688K, reserved 1048576K
}
Event: 40.011 GC heap before
{Heap before GC invocations=374 (full 0):
 garbage-first heap   total 297984K, used 80292K [0x0000000081c00000, 0x0000000100000000)
  region size 1024K, 5 young (5120K), 3 survivors (3072K)
 Metaspace       used 17063K, capacity 18628K, committed 18816K, reserved 1064960K
  class space    used 2223K, capacity 2618K, committed 2688K, reserved 1048576K
}
Event: 40.018 GC heap after
{Heap after GC invocations=375 (full 0):
 garbage-first heap   total 297984K, used 64051K [0x0000000081c00000, 0x0000000100000000)
  region size 1024K, 3 young (3072K), 3 survivors (3072K)
 Metaspace       used 17063K, capacity 18628K, committed 18816K, reserved 1064960K
  class space    used 2223K, capacity 2618K, committed 2688K, reserved 1048576K
}
Event: 40.179 GC heap before
{Heap before GC invocations=376 (full 0):
 garbage-first heap   total 297984K, used 79411K [0x0000000081c00000, 0x0000000100000000)
  region size 1024K, 5 young (5120K), 3 survivors (3072K)
 Metaspace       used 17063K, capacity 18628K, committed 18816K, reserved 1064960K
  class space    used 2223K, capacity 2618K, committed 2688K, reserved 1048576K
}
Event: 40.187 GC heap after
{Heap after GC invocations=377 (full 0):
 garbage-first heap   total 297984K, used 64421K [0x0000000081c00000, 0x0000000100000000)
  region size 1024K, 3 young (3072K), 3 survivors (3072K)
 Metaspace       used 17063K, capacity 18628K, committed 18816K, reserved 1064960K
  class space    used 2223K, capacity 2618K, committed 2688K, reserved 1048576K
}
Event: 40.348 GC heap before
{Heap before GC invocations=378 (full 0):
 garbage-first heap   total 297984K, used 81829K [0x0000000081c00000, 0x0000000100000000)
  region size 1024K, 5 young (5120K), 3 survivors (3072K)
 Metaspace       used 17063K, capacity 18628K, committed 18816K, reserved 1064960K
  class space    used 2223K, capacity 2618K, committed 2688K, reserved 1048576K
}
Event: 40.356 GC heap after
{Heap after GC invocations=379 (full 0):
 garbage-first heap   total 297984K, used 64327K [0x0000000081c00000, 0x0000000100000000)
  region size 1024K, 3 young (3072K), 3 survivors (3072K)
 Metaspace       used 17063K, capacity 18628K, committed 18816K, reserved 1064960K
  class space    used 2223K, capacity 2618K, committed 2688K, reserved 1048576K
}
Event: 40.514 GC heap before
{Heap before GC invocations=380 (full 0):
 garbage-first heap   total 297984K, used 79687K [0x0000000081c00000, 0x0000000100000000)
  region size 1024K, 5 young (5120K), 3 survivors (3072K)
 Metaspace       used 17063K, capacity 18628K, committed 18816K, reserved 1064960K
  class space    used 2223K, capacity 2618K, committed 2688K, reserved 1048576K
}
Event: 40.523 GC heap after
{Heap after GC invocations=381 (full 0):
 garbage-first heap   total 297984K, used 64663K [0x0000000081c00000, 0x0000000100000000)
  region size 1024K, 3 young (3072K), 3 survivors (3072K)
 Metaspace       used 17063K, capacity 18628K, committed 18816K, reserved 1064960K
  class space    used 2223K, capacity 2618K, committed 2688K, reserved 1048576K
}
Event: 40.685 GC heap before
{Heap before GC invocations=382 (full 0):
 garbage-first heap   total 297984K, used 82071K [0x0000000081c00000, 0x0000000100000000)
  region size 1024K, 5 young (5120K), 3 survivors (3072K)
 Metaspace       used 17063K, capacity 18628K, committed 18816K, reserved 1064960K
  class space    used 2223K, capacity 2618K, committed 2688K, reserved 1048576K
}
Event: 40.693 GC heap after
{Heap after GC invocations=383 (full 0):
 garbage-first heap   total 297984K, used 64961K [0x0000000081c00000, 0x0000000100000000)
  region size 1024K, 4 young (4096K), 4 survivors (4096K)
 Metaspace       used 17063K, capacity 18628K, committed 18816K, reserved 1064960K
  class space    used 2223K, capacity 2618K, committed 2688K, reserved 1048576K
}
Event: 40.897 GC heap before
{Heap before GC invocations=384 (full 0):
 garbage-first heap   total 297984K, used 78273K [0x0000000081c00000, 0x0000000100000000)
  region size 1024K, 6 young (6144K), 4 survivors (4096K)
 Metaspace       used 17063K, capacity 18628K, committed 18816K, reserved 1064960K
  class space    used 2223K, capacity 2618K, committed 2688K, reserved 1048576K
}
Event: 40.909 GC heap after
{Heap after GC invocations=385 (full 0):
 garbage-first heap   total 297984K, used 64975K [0x0000000081c00000, 0x0000000100000000)
  region size 1024K, 4 young (4096K), 4 survivors (4096K)
 Metaspace       used 17063K, capacity 18628K, committed 18816K, reserved 1064960K
  class space    used 2223K, capacity 2618K, committed 2688K, reserved 1048576K
}
Event: 43.127 GC heap before
{Heap before GC invocations=386 (full 0):
 garbage-first heap   total 288768K, used 273871K [0x0000000081c00000, 0x0000000100000000)
  region size 1024K, 25 young (25600K), 4 survivors (4096K)
 Metaspace       used 17086K, capacity 18628K, committed 18816K, reserved 1064960K
  class space    used 2223K, capacity 2618K, committed 2688K, reserved 1048576K
}
Event: 43.138 GC heap after
{Heap after GC invocations=387 (full 0):
 garbage-first heap   total 294912K, used 67501K [0x0000000081c00000, 0x0000000100000000)
  region size 1024K, 6 young (6144K), 6 survivors (6144K)
 Metaspace       used 17086K, capacity 18628K, committed 18816K, reserved 1064960K
  class space    used 2223K, capacity 2618K, committed 2688K, reserved 1048576K
}
Event: 43.922 GC heap before
{Heap before GC invocations=387 (full 0):
 garbage-first heap   total 294912K, used 147373K [0x0000000081c00000, 0x0000000100000000)
  region size 1024K, 14 young (14336K), 6 survivors (6144K)
 Metaspace       used 17086K, capacity 18628K, committed 18816K, reserved 1064960K
  class space    used 2223K, capacity 2618K, committed 2688K, reserved 1048576K
}

