# JRE version: Java(TM) SE Runtime Environment (13.0.1+9) (build 13.0.1+9)
# Java VM: Java HotSpot(TM) 64-Bit Server VM (13.0.1+9, mixed mode, sharing, tiered, compressed oops, g1 gc, windows-amd64)
Heap:
 garbage-first heap   total 404480K, used 60054K [0x0000000081c00000, 0x0000000100000000)
  region size 1024K, 4 young (4096K), 4 survivors (4096K)
 Metaspace       used 17309K, capacity 18781K, committed 19072K, reserved 1064960K
  class space    used 2244K, capacity 2649K, committed 2688K, reserved 1048576K
GC Heap History (20 events):
Event: 37.161 GC heap after
{Heap after GC invocations=502 (full 0):
 garbage-first heap   total 273408K, used 57732K [0x0000000081c00000, 0x0000000100000000)
  region size 1024K, 4 young (4096K), 4 survivors (4096K)
 Metaspace       used 17307K, capacity 18781K, committed 19072K, reserved 1064960K
  class space    used 2244K, capacity 2649K, committed 2688K, reserved 1048576K
}
Event: 37.307 GC heap before
{Heap before GC invocations=503 (full 0):
 garbage-first heap   total 273408K, used 77188K [0x0000000081c00000, 0x0000000100000000)
  region size 1024K, 7 young (7168K), 4 survivors (4096K)
 Metaspace       used 17307K, capacity 18781K, committed 19072K, reserved 1064960K
  class space    used 2244K, capacity 2649K, committed 2688K, reserved 1048576K
}
Event: 37.314 GC heap after
{Heap after GC invocations=504 (full 0):
 garbage-first heap   total 273408K, used 57959K [0x0000000081c00000, 0x0000000100000000)
  region size 1024K, 4 young (4096K), 4 survivors (4096K)
 Metaspace       used 17307K, capacity 18781K, committed 19072K, reserved 1064960K
  class space    used 2244K, capacity 2649K, committed 2688K, reserved 1048576K
}
Event: 37.468 GC heap before
{Heap before GC invocations=505 (full 0):
 garbage-first heap   total 273408K, used 78439K [0x0000000081c00000, 0x0000000100000000)
  region size 1024K, 7 young (7168K), 4 survivors (4096K)
 Metaspace       used 17307K, capacity 18781K, committed 19072K, reserved 1064960K
  class space    used 2244K, capacity 2649K, committed 2688K, reserved 1048576K
}
Event: 37.477 GC heap after
{Heap after GC invocations=506 (full 0):
 garbage-first heap   total 365568K, used 58366K [0x0000000081c00000, 0x0000000100000000)
  region size 1024K, 4 young (4096K), 4 survivors (4096K)
 Metaspace       used 17307K, capacity 18781K, committed 19072K, reserved 1064960K
  class space    used 2244K, capacity 2649K, committed 2688K, reserved 1048576K
}
Event: 37.629 GC heap before
{Heap before GC invocations=507 (full 0):
 garbage-first heap   total 276480K, used 78846K [0x0000000081c00000, 0x0000000100000000)
  region size 1024K, 7 young (7168K), 4 survivors (4096K)
 Metaspace       used 17307K, capacity 18781K, committed 19072K, reserved 1064960K
  class space    used 2244K, capacity 2649K, committed 2688K, reserved 1048576K
}
Event: 37.636 GC heap after
{Heap after GC invocations=508 (full 0):
 garbage-first heap   total 276480K, used 58595K [0x0000000081c00000, 0x0000000100000000)
  region size 1024K, 4 young (4096K), 4 survivors (4096K)
 Metaspace       used 17307K, capacity 18781K, committed 19072K, reserved 1064960K
  class space    used 2244K, capacity 2649K, committed 2688K, reserved 1048576K
}
Event: 37.638 GC heap before
{Heap before GC invocations=508 (full 0):
 garbage-first heap   total 276480K, used 59619K [0x0000000081c00000, 0x0000000100000000)
  region size 1024K, 4 young (4096K), 4 survivors (4096K)
 Metaspace       used 17307K, capacity 18781K, committed 19072K, reserved 1064960K
  class space    used 2244K, capacity 2649K, committed 2688K, reserved 1048576K
}
Event: 37.641 GC heap after
{Heap after GC invocations=509 (full 0):
 garbage-first heap   total 276480K, used 59864K [0x0000000081c00000, 0x0000000100000000)
  region size 1024K, 4 young (4096K), 4 survivors (4096K)
 Metaspace       used 17307K, capacity 18781K, committed 19072K, reserved 1064960K
  class space    used 2244K, capacity 2649K, committed 2688K, reserved 1048576K
}
Event: 37.793 GC heap before
{Heap before GC invocations=510 (full 0):
 garbage-first heap   total 276480K, used 80344K [0x0000000081c00000, 0x0000000100000000)
  region size 1024K, 7 young (7168K), 4 survivors (4096K)
 Metaspace       used 17307K, capacity 18781K, committed 19072K, reserved 1064960K
  class space    used 2244K, capacity 2649K, committed 2688K, reserved 1048576K
}
Event: 37.799 GC heap after
{Heap after GC invocations=511 (full 0):
 garbage-first heap   total 276480K, used 58733K [0x0000000081c00000, 0x0000000100000000)
  region size 1024K, 4 young (4096K), 4 survivors (4096K)
 Metaspace       used 17307K, capacity 18781K, committed 19072K, reserved 1064960K
  class space    used 2244K, capacity 2649K, committed 2688K, reserved 1048576K
}
Event: 37.956 GC heap before
{Heap before GC invocations=512 (full 0):
 garbage-first heap   total 276480K, used 79213K [0x0000000081c00000, 0x0000000100000000)
  region size 1024K, 7 young (7168K), 4 survivors (4096K)
 Metaspace       used 17307K, capacity 18781K, committed 19072K, reserved 1064960K
  class space    used 2244K, capacity 2649K, committed 2688K, reserved 1048576K
}
Event: 37.964 GC heap after
{Heap after GC invocations=513 (full 0):
 garbage-first heap   total 354304K, used 59255K [0x0000000081c00000, 0x0000000100000000)
  region size 1024K, 4 young (4096K), 4 survivors (4096K)
 Metaspace       used 17307K, capacity 18781K, committed 19072K, reserved 1064960K
  class space    used 2244K, capacity 2649K, committed 2688K, reserved 1048576K
}
Event: 38.113 GC heap before
{Heap before GC invocations=514 (full 0):
 garbage-first heap   total 283648K, used 79735K [0x0000000081c00000, 0x0000000100000000)
  region size 1024K, 7 young (7168K), 4 survivors (4096K)
 Metaspace       used 17307K, capacity 18781K, committed 19072K, reserved 1064960K
  class space    used 2244K, capacity 2649K, committed 2688K, reserved 1048576K
}
Event: 38.120 GC heap after
{Heap after GC invocations=515 (full 0):
 garbage-first heap   total 283648K, used 59349K [0x0000000081c00000, 0x0000000100000000)
  region size 1024K, 4 young (4096K), 4 survivors (4096K)
 Metaspace       used 17307K, capacity 18781K, committed 19072K, reserved 1064960K
  class space    used 2244K, capacity 2649K, committed 2688K, reserved 1048576K
}
Event: 38.269 GC heap before
{Heap before GC invocations=516 (full 0):
 garbage-first heap   total 283648K, used 78805K [0x0000000081c00000, 0x0000000100000000)
  region size 1024K, 7 young (7168K), 4 survivors (4096K)
 Metaspace       used 17307K, capacity 18781K, committed 19072K, reserved 1064960K
  class space    used 2244K, capacity 2649K, committed 2688K, reserved 1048576K
}
Event: 38.277 GC heap after
{Heap after GC invocations=517 (full 0):
 garbage-first heap   total 283648K, used 59432K [0x0000000081c00000, 0x0000000100000000)
  region size 1024K, 4 young (4096K), 4 survivors (4096K)
 Metaspace       used 17307K, capacity 18781K, committed 19072K, reserved 1064960K
  class space    used 2244K, capacity 2649K, committed 2688K, reserved 1048576K
}
Event: 38.428 GC heap before
{Heap before GC invocations=518 (full 0):
 garbage-first heap   total 283648K, used 79912K [0x0000000081c00000, 0x0000000100000000)
  region size 1024K, 7 young (7168K), 4 survivors (4096K)
 Metaspace       used 17307K, capacity 18781K, committed 19072K, reserved 1064960K
  class space    used 2244K, capacity 2649K, committed 2688K, reserved 1048576K
}
Event: 38.436 GC heap after
{Heap after GC invocations=519 (full 0):
 garbage-first heap   total 283648K, used 59840K [0x0000000081c00000, 0x0000000100000000)
  region size 1024K, 4 young (4096K), 4 survivors (4096K)
 Metaspace       used 17307K, capacity 18781K, committed 19072K, reserved 1064960K
  class space    used 2244K, capacity 2649K, committed 2688K, reserved 1048576K
}
Event: 38.593 GC heap before
{Heap before GC invocations=520 (full 0):
 garbage-first heap   total 283648K, used 81344K [0x0000000081c00000, 0x0000000100000000)
  region size 1024K, 7 young (7168K), 4 survivors (4096K)
 Metaspace       used 17309K, capacity 18781K, committed 19072K, reserved 1064960K
  class space    used 2244K, capacity 2649K, committed 2688K, reserved 1048576K
}

