# JRE version: Java(TM) SE Runtime Environment (13.0.1+9) (build 13.0.1+9)
# Java VM: Java HotSpot(TM) 64-Bit Server VM (13.0.1+9, mixed mode, sharing, tiered, compressed oops, g1 gc, windows-amd64)
Heap:
 garbage-first heap   total 139264K, used 129992K [0x0000000081c00000, 0x0000000100000000)
  region size 1024K, 12 young (12288K), 1 survivors (1024K)
 Metaspace       used 16605K, capacity 18282K, committed 18560K, reserved 1064960K
  class space    used 2198K, capacity 2611K, committed 2688K, reserved 1048576K
GC Heap History (20 events):
Event: 11.459 GC heap before
{Heap before GC invocations=111 (full 0):
 garbage-first heap   total 112640K, used 49598K [0x0000000081c00000, 0x0000000100000000)
  region size 1024K, 6 young (6144K), 2 survivors (2048K)
 Metaspace       used 16575K, capacity 18217K, committed 18304K, reserved 1064960K
  class space    used 2198K, capacity 2611K, committed 2688K, reserved 1048576K
}
Event: 11.463 GC heap after
{Heap after GC invocations=112 (full 0):
 garbage-first heap   total 112640K, used 22307K [0x0000000081c00000, 0x0000000100000000)
  region size 1024K, 2 young (2048K), 2 survivors (2048K)
 Metaspace       used 16575K, capacity 18217K, committed 18304K, reserved 1064960K
  class space    used 2198K, capacity 2611K, committed 2688K, reserved 1048576K
}
Event: 11.626 GC heap before
{Heap before GC invocations=113 (full 0):
 garbage-first heap   total 112640K, used 48931K [0x0000000081c00000, 0x0000000100000000)
  region size 1024K, 5 young (5120K), 2 survivors (2048K)
 Metaspace       used 16575K, capacity 18217K, committed 18304K, reserved 1064960K
  class space    used 2198K, capacity 2611K, committed 2688K, reserved 1048576K
}
Event: 11.630 GC heap after
{Heap after GC invocations=114 (full 0):
 garbage-first heap   total 135168K, used 22567K [0x0000000081c00000, 0x0000000100000000)
  region size 1024K, 2 young (2048K), 2 survivors (2048K)
 Metaspace       used 16575K, capacity 18217K, committed 18304K, reserved 1064960K
  class space    used 2198K, capacity 2611K, committed 2688K, reserved 1048576K
}
Event: 11.800 GC heap before
{Heap before GC invocations=115 (full 0):
 garbage-first heap   total 112640K, used 50215K [0x0000000081c00000, 0x0000000100000000)
  region size 1024K, 6 young (6144K), 2 survivors (2048K)
 Metaspace       used 16578K, capacity 18217K, committed 18304K, reserved 1064960K
  class space    used 2198K, capacity 2611K, committed 2688K, reserved 1048576K
}
Event: 11.804 GC heap after
{Heap after GC invocations=116 (full 0):
 garbage-first heap   total 112640K, used 23044K [0x0000000081c00000, 0x0000000100000000)
  region size 1024K, 3 young (3072K), 3 survivors (3072K)
 Metaspace       used 16578K, capacity 18217K, committed 18304K, reserved 1064960K
  class space    used 2198K, capacity 2611K, committed 2688K, reserved 1048576K
}
Event: 11.968 GC heap before
{Heap before GC invocations=117 (full 0):
 garbage-first heap   total 112640K, used 49668K [0x0000000081c00000, 0x0000000100000000)
  region size 1024K, 6 young (6144K), 3 survivors (3072K)
 Metaspace       used 16578K, capacity 18217K, committed 18304K, reserved 1064960K
  class space    used 2198K, capacity 2611K, committed 2688K, reserved 1048576K
}
Event: 11.972 GC heap after
{Heap after GC invocations=118 (full 0):
 garbage-first heap   total 112640K, used 23264K [0x0000000081c00000, 0x0000000100000000)
  region size 1024K, 3 young (3072K), 3 survivors (3072K)
 Metaspace       used 16578K, capacity 18217K, committed 18304K, reserved 1064960K
  class space    used 2198K, capacity 2611K, committed 2688K, reserved 1048576K
}
Event: 12.131 GC heap before
{Heap before GC invocations=119 (full 0):
 garbage-first heap   total 112640K, used 48864K [0x0000000081c00000, 0x0000000100000000)
  region size 1024K, 6 young (6144K), 3 survivors (3072K)
 Metaspace       used 16579K, capacity 18217K, committed 18304K, reserved 1064960K
  class space    used 2198K, capacity 2611K, committed 2688K, reserved 1048576K
}
Event: 12.137 GC heap after
{Heap after GC invocations=120 (full 0):
 garbage-first heap   total 112640K, used 23512K [0x0000000081c00000, 0x0000000100000000)
  region size 1024K, 3 young (3072K), 3 survivors (3072K)
 Metaspace       used 16579K, capacity 18217K, committed 18304K, reserved 1064960K
  class space    used 2198K, capacity 2611K, committed 2688K, reserved 1048576K
}
Event: 12.408 GC heap before
{Heap before GC invocations=121 (full 0):
 garbage-first heap   total 112640K, used 49112K [0x0000000081c00000, 0x0000000100000000)
  region size 1024K, 6 young (6144K), 3 survivors (3072K)
 Metaspace       used 16592K, capacity 18281K, committed 18560K, reserved 1064960K
  class space    used 2198K, capacity 2611K, committed 2688K, reserved 1048576K
}
Event: 12.415 GC heap after
{Heap after GC invocations=122 (full 0):
 garbage-first heap   total 135168K, used 23967K [0x0000000081c00000, 0x0000000100000000)
  region size 1024K, 3 young (3072K), 3 survivors (3072K)
 Metaspace       used 16592K, capacity 18281K, committed 18560K, reserved 1064960K
  class space    used 2198K, capacity 2611K, committed 2688K, reserved 1048576K
}
Event: 12.668 GC heap before
{Heap before GC invocations=123 (full 0):
 garbage-first heap   total 122880K, used 55711K [0x0000000081c00000, 0x0000000100000000)
  region size 1024K, 7 young (7168K), 3 survivors (3072K)
 Metaspace       used 16600K, capacity 18282K, committed 18560K, reserved 1064960K
  class space    used 2198K, capacity 2611K, committed 2688K, reserved 1048576K
}
Event: 12.673 GC heap after
{Heap after GC invocations=124 (full 0):
 garbage-first heap   total 122880K, used 24117K [0x0000000081c00000, 0x0000000100000000)
  region size 1024K, 3 young (3072K), 3 survivors (3072K)
 Metaspace       used 16600K, capacity 18282K, committed 18560K, reserved 1064960K
  class space    used 2198K, capacity 2611K, committed 2688K, reserved 1048576K
}
Event: 13.280 GC heap before
{Heap before GC invocations=125 (full 0):
 garbage-first heap   total 128000K, used 122421K [0x0000000081c00000, 0x0000000100000000)
  region size 1024K, 13 young (13312K), 3 survivors (3072K)
 Metaspace       used 16602K, capacity 18282K, committed 18560K, reserved 1064960K
  class space    used 2198K, capacity 2611K, committed 2688K, reserved 1048576K
}
Event: 13.286 GC heap after
{Heap after GC invocations=126 (full 0):
 garbage-first heap   total 133120K, used 25381K [0x0000000081c00000, 0x0000000100000000)
  region size 1024K, 4 young (4096K), 4 survivors (4096K)
 Metaspace       used 16602K, capacity 18282K, committed 18560K, reserved 1064960K
  class space    used 2198K, capacity 2611K, committed 2688K, reserved 1048576K
}
Event: 13.400 GC heap before
{Heap before GC invocations=126 (full 0):
 garbage-first heap   total 133120K, used 44837K [0x0000000081c00000, 0x0000000100000000)
  region size 1024K, 7 young (7168K), 4 survivors (4096K)
 Metaspace       used 16604K, capacity 18282K, committed 18560K, reserved 1064960K
  class space    used 2198K, capacity 2611K, committed 2688K, reserved 1048576K
}
Event: 13.403 GC heap after
{Heap after GC invocations=127 (full 0):
 garbage-first heap   total 133120K, used 26855K [0x0000000081c00000, 0x0000000100000000)
  region size 1024K, 1 young (1024K), 1 survivors (1024K)
 Metaspace       used 16604K, capacity 18282K, committed 18560K, reserved 1064960K
  class space    used 2198K, capacity 2611K, committed 2688K, reserved 1048576K
}
Event: 13.414 GC heap before
{Heap before GC invocations=127 (full 0):
 garbage-first heap   total 133120K, used 26855K [0x0000000081c00000, 0x0000000100000000)
  region size 1024K, 2 young (2048K), 1 survivors (1024K)
 Metaspace       used 16604K, capacity 18282K, committed 18560K, reserved 1064960K
  class space    used 2198K, capacity 2611K, committed 2688K, reserved 1048576K
}
Event: 13.416 GC heap after
{Heap after GC invocations=128 (full 0):
 garbage-first heap   total 162816K, used 25544K [0x0000000081c00000, 0x0000000100000000)
  region size 1024K, 1 young (1024K), 1 survivors (1024K)
 Metaspace       used 16604K, capacity 18282K, committed 18560K, reserved 1064960K
  class space    used 2198K, capacity 2611K, committed 2688K, reserved 1048576K
}

