# JRE version: Java(TM) SE Runtime Environment (13.0.1+9) (build 13.0.1+9)
# Java VM: Java HotSpot(TM) 64-Bit Server VM (13.0.1+9, mixed mode, sharing, tiered, compressed oops, g1 gc, windows-amd64)
Heap:
 garbage-first heap   total 451584K, used 217198K [0x0000000081c00000, 0x0000000100000000)
  region size 1024K, 5 young (5120K), 3 survivors (3072K)
 Metaspace       used 18017K, capacity 19610K, committed 19840K, reserved 1067008K
  class space    used 2403K, capacity 2838K, committed 2944K, reserved 1048576K
GC Heap History (20 events):
Event: 307.640 GC heap before
{Heap before GC invocations=1160 (full 0):
 garbage-first heap   total 451584K, used 207409K [0x0000000081c00000, 0x0000000100000000)
  region size 1024K, 5 young (5120K), 3 survivors (3072K)
 Metaspace       used 18002K, capacity 19610K, committed 19840K, reserved 1067008K
  class space    used 2402K, capacity 2838K, committed 2944K, reserved 1048576K
}
Event: 307.651 GC heap after
{Heap after GC invocations=1161 (full 0):
 garbage-first heap   total 451584K, used 200212K [0x0000000081c00000, 0x0000000100000000)
  region size 1024K, 2 young (2048K), 2 survivors (2048K)
 Metaspace       used 18002K, capacity 19610K, committed 19840K, reserved 1067008K
  class space    used 2402K, capacity 2838K, committed 2944K, reserved 1048576K
}
Event: 308.170 GC heap before
{Heap before GC invocations=1162 (full 0):
 garbage-first heap   total 451584K, used 210452K [0x0000000081c00000, 0x0000000100000000)
  region size 1024K, 4 young (4096K), 2 survivors (2048K)
 Metaspace       used 18002K, capacity 19610K, committed 19840K, reserved 1067008K
  class space    used 2402K, capacity 2838K, committed 2944K, reserved 1048576K
}
Event: 308.181 GC heap after
{Heap after GC invocations=1163 (full 0):
 garbage-first heap   total 451584K, used 200371K [0x0000000081c00000, 0x0000000100000000)
  region size 1024K, 2 young (2048K), 2 survivors (2048K)
 Metaspace       used 18002K, capacity 19610K, committed 19840K, reserved 1067008K
  class space    used 2402K, capacity 2838K, committed 2944K, reserved 1048576K
}
Event: 308.671 GC heap before
{Heap before GC invocations=1164 (full 0):
 garbage-first heap   total 451584K, used 212659K [0x0000000081c00000, 0x0000000100000000)
  region size 1024K, 4 young (4096K), 2 survivors (2048K)
 Metaspace       used 18002K, capacity 19610K, committed 19840K, reserved 1067008K
  class space    used 2402K, capacity 2838K, committed 2944K, reserved 1048576K
}
Event: 308.683 GC heap after
{Heap after GC invocations=1165 (full 0):
 garbage-first heap   total 451584K, used 200615K [0x0000000081c00000, 0x0000000100000000)
  region size 1024K, 3 young (3072K), 3 survivors (3072K)
 Metaspace       used 18002K, capacity 19610K, committed 19840K, reserved 1067008K
  class space    used 2402K, capacity 2838K, committed 2944K, reserved 1048576K
}
Event: 309.195 GC heap before
{Heap before GC invocations=1166 (full 0):
 garbage-first heap   total 451584K, used 211879K [0x0000000081c00000, 0x0000000100000000)
  region size 1024K, 5 young (5120K), 3 survivors (3072K)
 Metaspace       used 18002K, capacity 19610K, committed 19840K, reserved 1067008K
  class space    used 2402K, capacity 2838K, committed 2944K, reserved 1048576K
}
Event: 309.207 GC heap after
{Heap after GC invocations=1167 (full 0):
 garbage-first heap   total 451584K, used 200683K [0x0000000081c00000, 0x0000000100000000)
  region size 1024K, 2 young (2048K), 2 survivors (2048K)
 Metaspace       used 18002K, capacity 19610K, committed 19840K, reserved 1067008K
  class space    used 2402K, capacity 2838K, committed 2944K, reserved 1048576K
}
Event: 309.729 GC heap before
{Heap before GC invocations=1168 (full 0):
 garbage-first heap   total 451584K, used 213995K [0x0000000081c00000, 0x0000000100000000)
  region size 1024K, 4 young (4096K), 2 survivors (2048K)
 Metaspace       used 18002K, capacity 19610K, committed 19840K, reserved 1067008K
  class space    used 2402K, capacity 2838K, committed 2944K, reserved 1048576K
}
Event: 309.740 GC heap after
{Heap after GC invocations=1169 (full 0):
 garbage-first heap   total 451584K, used 200703K [0x0000000081c00000, 0x0000000100000000)
  region size 1024K, 2 young (2048K), 2 survivors (2048K)
 Metaspace       used 18002K, capacity 19610K, committed 19840K, reserved 1067008K
  class space    used 2402K, capacity 2838K, committed 2944K, reserved 1048576K
}
Event: 310.218 GC heap before
{Heap before GC invocations=1170 (full 0):
 garbage-first heap   total 451584K, used 212991K [0x0000000081c00000, 0x0000000100000000)
  region size 1024K, 4 young (4096K), 2 survivors (2048K)
 Metaspace       used 18002K, capacity 19610K, committed 19840K, reserved 1067008K
  class space    used 2402K, capacity 2838K, committed 2944K, reserved 1048576K
}
Event: 310.234 GC heap after
{Heap after GC invocations=1171 (full 0):
 garbage-first heap   total 451584K, used 200944K [0x0000000081c00000, 0x0000000100000000)
  region size 1024K, 2 young (2048K), 2 survivors (2048K)
 Metaspace       used 18002K, capacity 19610K, committed 19840K, reserved 1067008K
  class space    used 2402K, capacity 2838K, committed 2944K, reserved 1048576K
}
Event: 310.718 GC heap before
{Heap before GC invocations=1172 (full 0):
 garbage-first heap   total 451584K, used 213232K [0x0000000081c00000, 0x0000000100000000)
  region size 1024K, 4 young (4096K), 2 survivors (2048K)
 Metaspace       used 18002K, capacity 19610K, committed 19840K, reserved 1067008K
  class space    used 2402K, capacity 2838K, committed 2944K, reserved 1048576K
}
Event: 310.731 GC heap after
{Heap after GC invocations=1173 (full 0):
 garbage-first heap   total 451584K, used 201019K [0x0000000081c00000, 0x0000000100000000)
  region size 1024K, 2 young (2048K), 2 survivors (2048K)
 Metaspace       used 18002K, capacity 19610K, committed 19840K, reserved 1067008K
  class space    used 2402K, capacity 2838K, committed 2944K, reserved 1048576K
}
Event: 311.238 GC heap before
{Heap before GC invocations=1174 (full 0):
 garbage-first heap   total 451584K, used 213307K [0x0000000081c00000, 0x0000000100000000)
  region size 1024K, 4 young (4096K), 2 survivors (2048K)
 Metaspace       used 18002K, capacity 19610K, committed 19840K, reserved 1067008K
  class space    used 2402K, capacity 2838K, committed 2944K, reserved 1048576K
}
Event: 311.250 GC heap after
{Heap after GC invocations=1175 (full 0):
 garbage-first heap   total 451584K, used 201235K [0x0000000081c00000, 0x0000000100000000)
  region size 1024K, 2 young (2048K), 2 survivors (2048K)
 Metaspace       used 18002K, capacity 19610K, committed 19840K, reserved 1067008K
  class space    used 2402K, capacity 2838K, committed 2944K, reserved 1048576K
}
Event: 311.775 GC heap before
{Heap before GC invocations=1176 (full 0):
 garbage-first heap   total 451584K, used 213523K [0x0000000081c00000, 0x0000000100000000)
  region size 1024K, 4 young (4096K), 2 survivors (2048K)
 Metaspace       used 18002K, capacity 19610K, committed 19840K, reserved 1067008K
  class space    used 2402K, capacity 2838K, committed 2944K, reserved 1048576K
}
Event: 311.789 GC heap after
{Heap after GC invocations=1177 (full 0):
 garbage-first heap   total 451584K, used 201373K [0x0000000081c00000, 0x0000000100000000)
  region size 1024K, 2 young (2048K), 2 survivors (2048K)
 Metaspace       used 18002K, capacity 19610K, committed 19840K, reserved 1067008K
  class space    used 2402K, capacity 2838K, committed 2944K, reserved 1048576K
}
Event: 312.321 GC heap before
{Heap before GC invocations=1178 (full 0):
 garbage-first heap   total 451584K, used 220829K [0x0000000081c00000, 0x0000000100000000)
  region size 1024K, 5 young (5120K), 2 survivors (2048K)
 Metaspace       used 18013K, capacity 19610K, committed 19840K, reserved 1067008K
  class space    used 2403K, capacity 2838K, committed 2944K, reserved 1048576K
}
Event: 312.336 GC heap after
{Heap after GC invocations=1179 (full 0):
 garbage-first heap   total 451584K, used 201838K [0x0000000081c00000, 0x0000000100000000)
  region size 1024K, 3 young (3072K), 3 survivors (3072K)
 Metaspace       used 18013K, capacity 19610K, committed 19840K, reserved 1067008K
  class space    used 2403K, capacity 2838K, committed 2944K, reserved 1048576K
}

