# JRE version: Java(TM) SE Runtime Environment (13.0.1+9) (build 13.0.1+9)
# Java VM: Java HotSpot(TM) 64-Bit Server VM (13.0.1+9, mixed mode, sharing, tiered, compressed oops, g1 gc, windows-amd64)
Heap:
 garbage-first heap   total 400384K, used 48361K [0x0000000081c00000, 0x0000000100000000)
  region size 1024K, 5 young (5120K), 5 survivors (5120K)
 Metaspace       used 18776K, capacity 20544K, committed 20736K, reserved 1067008K
  class space    used 2524K, capacity 3029K, committed 3072K, reserved 1048576K
GC Heap History (20 events):
Event: 25.391 GC heap after
{Heap after GC invocations=237 (full 0):
 garbage-first heap   total 208896K, used 44514K [0x0000000081c00000, 0x0000000100000000)
  region size 1024K, 3 young (3072K), 3 survivors (3072K)
 Metaspace       used 17792K, capacity 19456K, committed 19712K, reserved 1067008K
  class space    used 2353K, capacity 2789K, committed 2816K, reserved 1048576K
}
Event: 25.499 GC heap before
{Heap before GC invocations=238 (full 0):
 garbage-first heap   total 208896K, used 57826K [0x0000000081c00000, 0x0000000100000000)
  region size 1024K, 5 young (5120K), 3 survivors (3072K)
 Metaspace       used 17793K, capacity 19456K, committed 19712K, reserved 1067008K
  class space    used 2353K, capacity 2789K, committed 2816K, reserved 1048576K
}
Event: 25.504 GC heap after
{Heap after GC invocations=239 (full 0):
 garbage-first heap   total 208896K, used 44448K [0x0000000081c00000, 0x0000000100000000)
  region size 1024K, 3 young (3072K), 3 survivors (3072K)
 Metaspace       used 17793K, capacity 19456K, committed 19712K, reserved 1067008K
  class space    used 2353K, capacity 2789K, committed 2816K, reserved 1048576K
}
Event: 25.624 GC heap before
{Heap before GC invocations=240 (full 0):
 garbage-first heap   total 208896K, used 56736K [0x0000000081c00000, 0x0000000100000000)
  region size 1024K, 5 young (5120K), 3 survivors (3072K)
 Metaspace       used 17793K, capacity 19456K, committed 19712K, reserved 1067008K
  class space    used 2353K, capacity 2789K, committed 2816K, reserved 1048576K
}
Event: 25.632 GC heap after
{Heap after GC invocations=241 (full 0):
 garbage-first heap   total 250880K, used 44683K [0x0000000081c00000, 0x0000000100000000)
  region size 1024K, 4 young (4096K), 4 survivors (4096K)
 Metaspace       used 17793K, capacity 19456K, committed 19712K, reserved 1067008K
  class space    used 2353K, capacity 2789K, committed 2816K, reserved 1048576K
}
Event: 25.749 GC heap before
{Heap before GC invocations=242 (full 0):
 garbage-first heap   total 219136K, used 57995K [0x0000000081c00000, 0x0000000100000000)
  region size 1024K, 6 young (6144K), 4 survivors (4096K)
 Metaspace       used 17793K, capacity 19456K, committed 19712K, reserved 1067008K
  class space    used 2353K, capacity 2789K, committed 2816K, reserved 1048576K
}
Event: 25.755 GC heap after
{Heap after GC invocations=243 (full 0):
 garbage-first heap   total 219136K, used 44840K [0x0000000081c00000, 0x0000000100000000)
  region size 1024K, 4 young (4096K), 4 survivors (4096K)
 Metaspace       used 17793K, capacity 19456K, committed 19712K, reserved 1067008K
  class space    used 2353K, capacity 2789K, committed 2816K, reserved 1048576K
}
Event: 25.865 GC heap before
{Heap before GC invocations=244 (full 0):
 garbage-first heap   total 219136K, used 59176K [0x0000000081c00000, 0x0000000100000000)
  region size 1024K, 6 young (6144K), 4 survivors (4096K)
 Metaspace       used 17793K, capacity 19456K, committed 19712K, reserved 1067008K
  class space    used 2353K, capacity 2789K, committed 2816K, reserved 1048576K
}
Event: 25.870 GC heap after
{Heap after GC invocations=245 (full 0):
 garbage-first heap   total 219136K, used 45058K [0x0000000081c00000, 0x0000000100000000)
  region size 1024K, 4 young (4096K), 4 survivors (4096K)
 Metaspace       used 17793K, capacity 19456K, committed 19712K, reserved 1067008K
  class space    used 2353K, capacity 2789K, committed 2816K, reserved 1048576K
}
Event: 25.994 GC heap before
{Heap before GC invocations=246 (full 0):
 garbage-first heap   total 219136K, used 58370K [0x0000000081c00000, 0x0000000100000000)
  region size 1024K, 6 young (6144K), 4 survivors (4096K)
 Metaspace       used 17793K, capacity 19456K, committed 19712K, reserved 1067008K
  class space    used 2353K, capacity 2789K, committed 2816K, reserved 1048576K
}
Event: 26.001 GC heap after
{Heap after GC invocations=247 (full 0):
 garbage-first heap   total 219136K, used 45352K [0x0000000081c00000, 0x0000000100000000)
  region size 1024K, 4 young (4096K), 4 survivors (4096K)
 Metaspace       used 17793K, capacity 19456K, committed 19712K, reserved 1067008K
  class space    used 2353K, capacity 2789K, committed 2816K, reserved 1048576K
}
Event: 26.124 GC heap before
{Heap before GC invocations=248 (full 0):
 garbage-first heap   total 219136K, used 60712K [0x0000000081c00000, 0x0000000100000000)
  region size 1024K, 6 young (6144K), 4 survivors (4096K)
 Metaspace       used 17793K, capacity 19456K, committed 19712K, reserved 1067008K
  class space    used 2353K, capacity 2789K, committed 2816K, reserved 1048576K
}
Event: 26.133 GC heap after
{Heap after GC invocations=249 (full 0):
 garbage-first heap   total 347136K, used 45367K [0x0000000081c00000, 0x0000000100000000)
  region size 1024K, 4 young (4096K), 4 survivors (4096K)
 Metaspace       used 17793K, capacity 19456K, committed 19712K, reserved 1067008K
  class space    used 2353K, capacity 2789K, committed 2816K, reserved 1048576K
}
Event: 26.339 GC heap before
{Heap before GC invocations=250 (full 0):
 garbage-first heap   total 215040K, used 57655K [0x0000000081c00000, 0x0000000100000000)
  region size 1024K, 12 young (12288K), 4 survivors (4096K)
 Metaspace       used 18730K, capacity 20541K, committed 20736K, reserved 1067008K
  class space    used 2522K, capacity 3029K, committed 3072K, reserved 1048576K
}
Event: 26.349 GC heap after
{Heap after GC invocations=251 (full 0):
 garbage-first heap   total 215040K, used 46211K [0x0000000081c00000, 0x0000000100000000)
  region size 1024K, 3 young (3072K), 3 survivors (3072K)
 Metaspace       used 18730K, capacity 20541K, committed 20736K, reserved 1067008K
  class space    used 2522K, capacity 3029K, committed 3072K, reserved 1048576K
}
Event: 26.584 GC heap before
{Heap before GC invocations=252 (full 0):
 garbage-first heap   total 211968K, used 57475K [0x0000000081c00000, 0x0000000100000000)
  region size 1024K, 6 young (6144K), 3 survivors (3072K)
 Metaspace       used 18762K, capacity 20544K, committed 20736K, reserved 1067008K
  class space    used 2524K, capacity 3029K, committed 3072K, reserved 1048576K
}
Event: 26.598 GC heap after
{Heap after GC invocations=253 (full 0):
 garbage-first heap   total 211968K, used 47052K [0x0000000081c00000, 0x0000000100000000)
  region size 1024K, 4 young (4096K), 4 survivors (4096K)
 Metaspace       used 18762K, capacity 20544K, committed 20736K, reserved 1067008K
  class space    used 2524K, capacity 3029K, committed 3072K, reserved 1048576K
}
Event: 26.779 GC heap before
{Heap before GC invocations=254 (full 0):
 garbage-first heap   total 211968K, used 58316K [0x0000000081c00000, 0x0000000100000000)
  region size 1024K, 6 young (6144K), 4 survivors (4096K)
 Metaspace       used 18765K, capacity 20544K, committed 20736K, reserved 1067008K
  class space    used 2524K, capacity 3029K, committed 3072K, reserved 1048576K
}
Event: 26.788 GC heap after
{Heap after GC invocations=255 (full 0):
 garbage-first heap   total 211968K, used 47242K [0x0000000081c00000, 0x0000000100000000)
  region size 1024K, 4 young (4096K), 4 survivors (4096K)
 Metaspace       used 18765K, capacity 20544K, committed 20736K, reserved 1067008K
  class space    used 2524K, capacity 3029K, committed 3072K, reserved 1048576K
}
Event: 28.296 GC heap before
{Heap before GC invocations=256 (full 0):
 garbage-first heap   total 218112K, used 206986K [0x0000000081c00000, 0x0000000100000000)
  region size 1024K, 20 young (20480K), 4 survivors (4096K)
 Metaspace       used 18776K, capacity 20544K, committed 20736K, reserved 1067008K
  class space    used 2524K, capacity 3029K, committed 3072K, reserved 1048576K
}

